<?xml version="1.0" encoding="UTF-8"?>
<!-- Generated by org.testng.reporters.JUnitReportReporter -->
<testsuite hostname="AAQUIB" failures="0" tests="1" name="Testscripts.regression.LoginTestDataProviderExcel" time="14.035" errors="0" timestamp="2024-06-07T22:05:59 IST" skipped="0">
  <testcase classname="Testscripts.regression.LoginTestDataProviderExcel" name="logintest" time="14.035"/>
</testsuite> <!-- Testscripts.regression.LoginTestDataProviderExcel -->
