<?xml version="1.0" encoding="UTF-8"?>
<!-- Generated by org.testng.reporters.JUnitReportReporter -->
<testsuite hostname="AAQUIB" failures="0" tests="4" name="Testscripts.regression.LoginTestDataProvider" time="173.483" errors="0" timestamp="2024-06-05T14:36:44 IST" skipped="0">
  <testcase classname="Testscripts.regression.LoginTestDataProvider" name="logintest" time="38.003"/>
  <testcase classname="Testscripts.regression.LoginTestDataProvider" name="logintest" time="54.111"/>
  <testcase classname="Testscripts.regression.LoginTestDataProvider" name="logintest" time="34.755"/>
  <testcase classname="Testscripts.regression.LoginTestDataProvider" name="logintest" time="46.614"/>
</testsuite> <!-- Testscripts.regression.LoginTestDataProvider -->
