<?xml version="1.0" encoding="UTF-8"?>
<!-- Generated by org.testng.reporters.JUnitReportReporter -->
<testsuite hostname="AAQUIB" failures="0" tests="1" name="Testscripts.regression.ValidateLoginUsingHybrid" time="59.024" errors="0" timestamp="2024-06-25T13:04:56 IST" skipped="0">
  <testcase classname="Testscripts.regression.ValidateLoginUsingHybrid" name="validatelogintest" time="59.024"/>
</testsuite> <!-- Testscripts.regression.ValidateLoginUsingHybrid -->
