<?xml version="1.0" encoding="UTF-8"?>
<!-- Generated by org.testng.reporters.JUnitReportReporter -->
<testsuite hostname="AAQUIB" failures="0" tests="1" name="Testscripts.regression.ValidateLoginUsingPOM" time="15.235" errors="0" timestamp="2024-06-13T20:00:38 IST" skipped="0">
  <testcase classname="Testscripts.regression.ValidateLoginUsingPOM" name="logintest" time="15.235"/>
</testsuite> <!-- Testscripts.regression.ValidateLoginUsingPOM -->
