<?xml version="1.0" encoding="UTF-8"?>
<!-- Generated by org.testng.reporters.JUnitReportReporter -->
<testsuite hostname="AAQUIB" failures="0" tests="1" name="Testscripts.regression.ValidateLoginUsingKeywordDriven" time="26.225" errors="0" timestamp="2024-06-08T19:54:56 IST" skipped="0">
  <testcase classname="Testscripts.regression.ValidateLoginUsingKeywordDriven" name="validateLoginTest" time="26.225"/>
</testsuite> <!-- Testscripts.regression.ValidateLoginUsingKeywordDriven -->
