<?xml version="1.0" encoding="UTF-8"?>
<!-- Generated by org.testng.reporters.JUnitReportReporter -->
<testsuite hostname="AAQUIB" failures="0" tests="1" name="Testscripts.regression.ValidateRegistrationUsingHybrid" time="36.042" errors="0" timestamp="2024-06-25T13:04:56 IST" skipped="0">
  <testcase classname="Testscripts.regression.ValidateRegistrationUsingHybrid" name="validateRegistrationtest" time="36.042"/>
</testsuite> <!-- Testscripts.regression.ValidateRegistrationUsingHybrid -->
