<?xml version="1.0" encoding="UTF-8"?>
<!-- Generated by org.testng.reporters.JUnitReportReporter -->
<testsuite hostname="AAQUIB" failures="0" tests="4" name="Testscripts.regression.LoginTestDataProvider2" time="49.753" errors="0" timestamp="2024-06-05T18:47:29 IST" skipped="0">
  <testcase classname="Testscripts.regression.LoginTestDataProvider2" name="logintest" time="11.707"/>
  <testcase classname="Testscripts.regression.LoginTestDataProvider2" name="logintest" time="15.456"/>
  <testcase classname="Testscripts.regression.LoginTestDataProvider2" name="logintest" time="11.442"/>
  <testcase classname="Testscripts.regression.LoginTestDataProvider2" name="logintest" time="11.148"/>
</testsuite> <!-- Testscripts.regression.LoginTestDataProvider2 -->
