<?xml version="1.0" encoding="UTF-8"?>
<!-- Generated by org.testng.reporters.JUnitReportReporter -->
<testsuite hostname="AAQUIB" failures="0" tests="1" name="Testscripts.regression.ValidateSearchHotelUsingPOM" time="40.701" errors="0" timestamp="2024-06-25T17:06:34 IST" skipped="0">
  <testcase classname="Testscripts.regression.ValidateSearchHotelUsingPOM" name="validatesearchhotel" time="40.701"/>
</testsuite> <!-- Testscripts.regression.ValidateSearchHotelUsingPOM -->
